<?xml version="1.0" encoding="UTF-8"?>
<testsuites tests="211" failures="2">
	<testsuite name="github.com/kedacore/keda/v2" tests="0" failures="0" errors="0" hostname="Microsoft-ThinkPad-Viggy" time="0.000" timestamp="2022-06-10T15:32:49+05:30"></testsuite>
	<testsuite name="github.com/kedacore/keda/v2/adapter" tests="0" failures="0" errors="0" hostname="Microsoft-ThinkPad-Viggy" time="0.000" timestamp="2022-06-10T15:32:49+05:30"></testsuite>
	<testsuite name="github.com/kedacore/keda/v2/adapter/generated/openapi" tests="0" failures="0" errors="0" hostname="Microsoft-ThinkPad-Viggy" time="0.000" timestamp="2022-06-10T15:32:49+05:30"></testsuite>
	<testsuite name="github.com/kedacore/keda/v2/apis/keda/v1alpha1" tests="0" failures="0" errors="0" hostname="Microsoft-ThinkPad-Viggy" time="0.000" timestamp="2022-06-10T15:32:49+05:30"></testsuite>
	<testsuite name="github.com/kedacore/keda/v2/controllers/keda" tests="1" failures="0" errors="0" hostname="Microsoft-ThinkPad-Viggy" time="70.370" timestamp="2022-06-10T15:32:49+05:30">
		<properties>
			<property name="coverage.statements.pct" value="48.60"></property>
		</properties>
		<testcase name="TestAPIs" classname="github.com/kedacore/keda/v2/controllers/keda" time="70.290"></testcase>
	</testsuite>
	<testsuite name="github.com/kedacore/keda/v2/controllers/keda/util" tests="0" failures="0" errors="0" hostname="Microsoft-ThinkPad-Viggy" time="0.000" timestamp="2022-06-10T15:32:49+05:30"></testsuite>
	<testsuite name="github.com/kedacore/keda/v2/pkg/eventreason" tests="0" failures="0" errors="0" hostname="Microsoft-ThinkPad-Viggy" time="0.000" timestamp="2022-06-10T15:32:49+05:30"></testsuite>
	<testsuite name="github.com/kedacore/keda/v2/pkg/generated/clientset/versioned" tests="0" failures="0" errors="0" hostname="Microsoft-ThinkPad-Viggy" time="0.000" timestamp="2022-06-10T15:32:49+05:30"></testsuite>
	<testsuite name="github.com/kedacore/keda/v2/pkg/generated/clientset/versioned/fake" tests="0" failures="0" errors="0" hostname="Microsoft-ThinkPad-Viggy" time="0.000" timestamp="2022-06-10T15:32:49+05:30"></testsuite>
	<testsuite name="github.com/kedacore/keda/v2/pkg/generated/clientset/versioned/scheme" tests="0" failures="0" errors="0" hostname="Microsoft-ThinkPad-Viggy" time="0.000" timestamp="2022-06-10T15:32:49+05:30"></testsuite>
	<testsuite name="github.com/kedacore/keda/v2/pkg/generated/clientset/versioned/typed/keda/v1alpha1" tests="0" failures="0" errors="0" hostname="Microsoft-ThinkPad-Viggy" time="0.000" timestamp="2022-06-10T15:32:49+05:30"></testsuite>
	<testsuite name="github.com/kedacore/keda/v2/pkg/generated/clientset/versioned/typed/keda/v1alpha1/fake" tests="0" failures="0" errors="0" hostname="Microsoft-ThinkPad-Viggy" time="0.000" timestamp="2022-06-10T15:32:49+05:30"></testsuite>
	<testsuite name="github.com/kedacore/keda/v2/pkg/generated/informers/externalversions" tests="0" failures="0" errors="0" hostname="Microsoft-ThinkPad-Viggy" time="0.000" timestamp="2022-06-10T15:32:49+05:30"></testsuite>
	<testsuite name="github.com/kedacore/keda/v2/pkg/generated/informers/externalversions/internalinterfaces" tests="0" failures="0" errors="0" hostname="Microsoft-ThinkPad-Viggy" time="0.000" timestamp="2022-06-10T15:32:49+05:30"></testsuite>
	<testsuite name="github.com/kedacore/keda/v2/pkg/generated/informers/externalversions/keda" tests="0" failures="0" errors="0" hostname="Microsoft-ThinkPad-Viggy" time="0.000" timestamp="2022-06-10T15:32:49+05:30"></testsuite>
	<testsuite name="github.com/kedacore/keda/v2/pkg/generated/informers/externalversions/keda/v1alpha1" tests="0" failures="0" errors="0" hostname="Microsoft-ThinkPad-Viggy" time="0.000" timestamp="2022-06-10T15:32:49+05:30"></testsuite>
	<testsuite name="github.com/kedacore/keda/v2/pkg/generated/listers/keda/v1alpha1" tests="0" failures="0" errors="0" hostname="Microsoft-ThinkPad-Viggy" time="0.000" timestamp="2022-06-10T15:32:49+05:30"></testsuite>
	<testsuite name="github.com/kedacore/keda/v2/pkg/metrics" tests="0" failures="0" errors="0" hostname="Microsoft-ThinkPad-Viggy" time="0.000" timestamp="2022-06-10T15:32:49+05:30"></testsuite>
	<testsuite name="github.com/kedacore/keda/v2/pkg/mock/mock_client" tests="0" failures="0" errors="0" hostname="Microsoft-ThinkPad-Viggy" time="0.000" timestamp="2022-06-10T15:32:49+05:30"></testsuite>
	<testsuite name="github.com/kedacore/keda/v2/pkg/mock/mock_scale" tests="0" failures="0" errors="0" hostname="Microsoft-ThinkPad-Viggy" time="0.000" timestamp="2022-06-10T15:32:49+05:30"></testsuite>
	<testsuite name="github.com/kedacore/keda/v2/pkg/mock/mock_scaler" tests="0" failures="0" errors="0" hostname="Microsoft-ThinkPad-Viggy" time="0.000" timestamp="2022-06-10T15:32:49+05:30"></testsuite>
	<testsuite name="github.com/kedacore/keda/v2/pkg/mock/mock_scaling" tests="0" failures="0" errors="0" hostname="Microsoft-ThinkPad-Viggy" time="0.000" timestamp="2022-06-10T15:32:49+05:30"></testsuite>
	<testsuite name="github.com/kedacore/keda/v2/pkg/provider" tests="1" failures="0" errors="0" hostname="Microsoft-ThinkPad-Viggy" time="0.200" timestamp="2022-06-10T15:32:49+05:30">
		<properties>
			<property name="coverage.statements.pct" value="49.60"></property>
		</properties>
		<testcase name="TestFallback" classname="github.com/kedacore/keda/v2/pkg/provider" time="0.000"></testcase>
	</testsuite>
	<testsuite name="github.com/kedacore/keda/v2/pkg/scalers" tests="144" failures="2" errors="0" hostname="Microsoft-ThinkPad-Viggy" time="1.486" timestamp="2022-06-10T15:32:49+05:30">
		<testcase name="TestActiveMQDefaultCorsHeader" classname="github.com/kedacore/keda/v2/pkg/scalers" time="0.000"></testcase>
		<testcase name="TestActiveMQCorsHeader" classname="github.com/kedacore/keda/v2/pkg/scalers" time="0.000"></testcase>
		<testcase name="TestParseActiveMQMetadata" classname="github.com/kedacore/keda/v2/pkg/scalers" time="0.000"></testcase>
		<testcase name="TestParseActiveMQMetadata/nothing_passed" classname="github.com/kedacore/keda/v2/pkg/scalers" time="0.000"></testcase>
		<testcase name="TestParseActiveMQMetadata/properly_formed_metadata" classname="github.com/kedacore/keda/v2/pkg/scalers" time="0.000"></testcase>
		<testcase name="TestParseActiveMQMetadata/no_metricName_passed,_metricName_is_generated_from_destinationName" classname="github.com/kedacore/keda/v2/pkg/scalers" time="0.000"></testcase>
		<testcase name="TestParseActiveMQMetadata/Invalid_targetQueueSize_using_a_string" classname="github.com/kedacore/keda/v2/pkg/scalers" time="0.000"></testcase>
		<testcase name="TestParseActiveMQMetadata/missing_management_endpoint_should_fail" classname="github.com/kedacore/keda/v2/pkg/scalers" time="0.000"></testcase>
		<testcase name="TestParseActiveMQMetadata/missing_destination_name,_should_fail" classname="github.com/kedacore/keda/v2/pkg/scalers" time="0.000"></testcase>
		<testcase name="TestParseActiveMQMetadata/missing_broker_name,_should_fail" classname="github.com/kedacore/keda/v2/pkg/scalers" time="0.000"></testcase>
		<testcase name="TestParseActiveMQMetadata/missing_username,_should_fail" classname="github.com/kedacore/keda/v2/pkg/scalers" time="0.000"></testcase>
		<testcase name="TestParseActiveMQMetadata/missing_password,_should_fail" classname="github.com/kedacore/keda/v2/pkg/scalers" time="0.000"></testcase>
		<testcase name="TestParseActiveMQMetadata/properly_formed_metadata_with_restAPITemplate" classname="github.com/kedacore/keda/v2/pkg/scalers" time="0.000"></testcase>
		<testcase name="TestParseActiveMQMetadata/invalid_restAPITemplate,_should_fail" classname="github.com/kedacore/keda/v2/pkg/scalers" time="0.000"></testcase>
		<testcase name="TestParseActiveMQMetadata/missing_username,_should_fail#01" classname="github.com/kedacore/keda/v2/pkg/scalers" time="0.000"></testcase>
		<testcase name="TestParseActiveMQMetadata/missing_password,_should_fail#01" classname="github.com/kedacore/keda/v2/pkg/scalers" time="0.000"></testcase>
		<testcase name="TestParseDefaultTargetQueueSize" classname="github.com/kedacore/keda/v2/pkg/scalers" time="0.000"></testcase>
		<testcase name="TestParseDefaultTargetQueueSize/properly_formed_metadata" classname="github.com/kedacore/keda/v2/pkg/scalers" time="0.000"></testcase>
		<testcase name="TestActiveMQGetMetricSpecForScaling" classname="github.com/kedacore/keda/v2/pkg/scalers" time="0.000"></testcase>
		<testcase name="TestArtemisDefaultCorsHeader" classname="github.com/kedacore/keda/v2/pkg/scalers" time="0.000"></testcase>
		<testcase name="TestArtemisCorsHeader" classname="github.com/kedacore/keda/v2/pkg/scalers" time="0.000"></testcase>
		<testcase name="TestArtemisParseMetadata" classname="github.com/kedacore/keda/v2/pkg/scalers" time="0.000"></testcase>
		<testcase name="TestArtemisGetMetricSpecForScaling" classname="github.com/kedacore/keda/v2/pkg/scalers" time="0.000"></testcase>
		<testcase name="TestCloudwatchParseMetadata" classname="github.com/kedacore/keda/v2/pkg/scalers" time="0.000"></testcase>
		<testcase name="TestAWSCloudwatchGetMetricSpecForScaling" classname="github.com/kedacore/keda/v2/pkg/scalers" time="0.000"></testcase>
		<testcase name="TestAWSCloudwatchScalerGetMetrics" classname="github.com/kedacore/keda/v2/pkg/scalers" time="0.000"></testcase>
		<testcase name="TestComputeQueryWindow" classname="github.com/kedacore/keda/v2/pkg/scalers" time="0.000"></testcase>
		<testcase name="TestParseDynamoMetadata" classname="github.com/kedacore/keda/v2/pkg/scalers" time="0.000"></testcase>
		<testcase name="TestParseDynamoMetadata/no_tableName_given" classname="github.com/kedacore/keda/v2/pkg/scalers" time="0.000"></testcase>
		<testcase name="TestParseDynamoMetadata/no_awsRegion_given" classname="github.com/kedacore/keda/v2/pkg/scalers" time="0.000"></testcase>
		<testcase name="TestParseDynamoMetadata/no_keyConditionExpression_given" classname="github.com/kedacore/keda/v2/pkg/scalers" time="0.000"></testcase>
		<testcase name="TestParseDynamoMetadata/no_expressionAttributeNames_given" classname="github.com/kedacore/keda/v2/pkg/scalers" time="0.000"></testcase>
		<testcase name="TestParseDynamoMetadata/no_expressionAttributeValues_given" classname="github.com/kedacore/keda/v2/pkg/scalers" time="0.000"></testcase>
		<testcase name="TestParseDynamoMetadata/no_targetValue_given" classname="github.com/kedacore/keda/v2/pkg/scalers" time="0.000"></testcase>
		<testcase name="TestParseDynamoMetadata/invalid_targetValue_given" classname="github.com/kedacore/keda/v2/pkg/scalers" time="0.000"></testcase>
		<testcase name="TestParseDynamoMetadata/malformed_expressionAttributeNames" classname="github.com/kedacore/keda/v2/pkg/scalers" time="0.000"></testcase>
		<testcase name="TestParseDynamoMetadata/empty_expressionAttributeNames" classname="github.com/kedacore/keda/v2/pkg/scalers" time="0.000"></testcase>
		<testcase name="TestParseDynamoMetadata/malformed_expressionAttributeValues" classname="github.com/kedacore/keda/v2/pkg/scalers" time="0.000"></testcase>
		<testcase name="TestParseDynamoMetadata/no_aws_given" classname="github.com/kedacore/keda/v2/pkg/scalers" time="0.000"></testcase>
		<testcase name="TestParseDynamoMetadata/authentication_provided" classname="github.com/kedacore/keda/v2/pkg/scalers" time="0.000"></testcase>
		<testcase name="TestDynamoGetMetrics" classname="github.com/kedacore/keda/v2/pkg/scalers" time="0.000"></testcase>
		<testcase name="TestDynamoGetMetrics/ValidTable" classname="github.com/kedacore/keda/v2/pkg/scalers" time="0.000"></testcase>
		<testcase name="TestDynamoGetMetrics/Error" classname="github.com/kedacore/keda/v2/pkg/scalers" time="0.000"></testcase>
		<testcase name="TestDynamoGetMetrics/NoValue" classname="github.com/kedacore/keda/v2/pkg/scalers" time="0.000"></testcase>
		<testcase name="TestDynamoGetQueryMetrics" classname="github.com/kedacore/keda/v2/pkg/scalers" time="0.000"></testcase>
		<testcase name="TestDynamoGetQueryMetrics/ValidTable" classname="github.com/kedacore/keda/v2/pkg/scalers" time="0.000"></testcase>
		<testcase name="TestDynamoGetQueryMetrics/Error" classname="github.com/kedacore/keda/v2/pkg/scalers" time="0.000"></testcase>
		<testcase name="TestDynamoGetQueryMetrics/NoValue" classname="github.com/kedacore/keda/v2/pkg/scalers" time="0.000"></testcase>
		<testcase name="TestDynamoIsActive" classname="github.com/kedacore/keda/v2/pkg/scalers" time="0.000"></testcase>
		<testcase name="TestDynamoIsActive/ValidTable" classname="github.com/kedacore/keda/v2/pkg/scalers" time="0.000"></testcase>
		<testcase name="TestDynamoIsActive/Error" classname="github.com/kedacore/keda/v2/pkg/scalers" time="0.000"></testcase>
		<testcase name="TestDynamoIsActive/NoValue" classname="github.com/kedacore/keda/v2/pkg/scalers" time="0.000"></testcase>
		<testcase name="TestKinesisParseMetadata" classname="github.com/kedacore/keda/v2/pkg/scalers" time="0.000"></testcase>
		<testcase name="TestAWSKinesisGetMetricSpecForScaling" classname="github.com/kedacore/keda/v2/pkg/scalers" time="0.000"></testcase>
		<testcase name="TestAWSKinesisStreamScalerGetMetrics" classname="github.com/kedacore/keda/v2/pkg/scalers" time="0.000"></testcase>
		<testcase name="TestSQSParseMetadata" classname="github.com/kedacore/keda/v2/pkg/scalers" time="0.000"></testcase>
		<testcase name="TestAWSSQSGetMetricSpecForScaling" classname="github.com/kedacore/keda/v2/pkg/scalers" time="0.000"></testcase>
		<testcase name="TestAWSSQSScalerGetMetrics" classname="github.com/kedacore/keda/v2/pkg/scalers" time="0.000"></testcase>
		<testcase name="TestNewAzureAppInsightsScaler" classname="github.com/kedacore/keda/v2/pkg/scalers" time="0.000"></testcase>
		<testcase name="TestAzureAppInsightsGetMetricSpecForScaling" classname="github.com/kedacore/keda/v2/pkg/scalers" time="0.000"></testcase>
		<testcase name="TestAzBlobParseMetadata" classname="github.com/kedacore/keda/v2/pkg/scalers" time="0.000"></testcase>
		<testcase name="TestAzBlobGetMetricSpecForScaling" classname="github.com/kedacore/keda/v2/pkg/scalers" time="0.000"></testcase>
		<testcase name="TestDataExplorerParseMetadata" classname="github.com/kedacore/keda/v2/pkg/scalers" time="0.000"></testcase>
		<testcase name="TestDataExplorerGetMetricSpecForScaling" classname="github.com/kedacore/keda/v2/pkg/scalers" time="0.000"></testcase>
		<testcase name="TestParseEventHubMetadata" classname="github.com/kedacore/keda/v2/pkg/scalers" time="0.000"></testcase>
		<testcase name="TestGetUnprocessedEventCountInPartition" classname="github.com/kedacore/keda/v2/pkg/scalers" time="0.000"></testcase>
		<testcase name="TestGetUnprocessedEventCountIfNoCheckpointExists" classname="github.com/kedacore/keda/v2/pkg/scalers" time="0.000"></testcase>
		<testcase name="TestGetUnprocessedEventCountWithoutCheckpointReturning1Message" classname="github.com/kedacore/keda/v2/pkg/scalers" time="0.000"></testcase>
		<testcase name="TestGetUnprocessedEventCountWithoutCheckpointReturning0Message" classname="github.com/kedacore/keda/v2/pkg/scalers" time="0.000"></testcase>
		<testcase name="TestGetUnprocessedEventCountWithoutCheckpointReturning2Messages" classname="github.com/kedacore/keda/v2/pkg/scalers" time="0.000"></testcase>
		<testcase name="TestGetATotalLagOf20For2PartitionsOn100UnprocessedEvents" classname="github.com/kedacore/keda/v2/pkg/scalers" time="0.000"></testcase>
		<testcase name="TestGetATotalLagOf100For20PartitionsOn100UnprocessedEvents" classname="github.com/kedacore/keda/v2/pkg/scalers" time="0.000"></testcase>
		<testcase name="TestEventHubGetMetricSpecForScaling" classname="github.com/kedacore/keda/v2/pkg/scalers" time="0.000"></testcase>
		<testcase name="TestLogAnalyticsParseMetadata" classname="github.com/kedacore/keda/v2/pkg/scalers" time="0.000"></testcase>
		<testcase name="TestLogAnalyticsGetMetricSpecForScaling" classname="github.com/kedacore/keda/v2/pkg/scalers" time="0.000"></testcase>
		<testcase name="TestLogAnalyticsParseMetadataMetricName" classname="github.com/kedacore/keda/v2/pkg/scalers" time="0.000"></testcase>
		<testcase name="TestAzMonitorParseMetadata" classname="github.com/kedacore/keda/v2/pkg/scalers" time="0.000"></testcase>
		<testcase name="TestAzMonitorGetMetricSpecForScaling" classname="github.com/kedacore/keda/v2/pkg/scalers" time="0.000"></testcase>
		<testcase name="TestParseAzurePipelinesMetadata" classname="github.com/kedacore/keda/v2/pkg/scalers" time="0.000"></testcase>
		<testcase name="TestParseAzurePipelinesMetadata/empty" classname="github.com/kedacore/keda/v2/pkg/scalers" time="0.000"></testcase>
		<testcase name="TestParseAzurePipelinesMetadata/all_properly_formed" classname="github.com/kedacore/keda/v2/pkg/scalers" time="0.000"></testcase>
		<testcase name="TestParseAzurePipelinesMetadata/using_triggerAuthentication" classname="github.com/kedacore/keda/v2/pkg/scalers" time="0.000"></testcase>
		<testcase name="TestParseAzurePipelinesMetadata/missing_organizationURL" classname="github.com/kedacore/keda/v2/pkg/scalers" time="0.000"></testcase>
		<testcase name="TestParseAzurePipelinesMetadata/missing_personalAccessToken" classname="github.com/kedacore/keda/v2/pkg/scalers" time="0.000"></testcase>
		<testcase name="TestParseAzurePipelinesMetadata/missing_poolID" classname="github.com/kedacore/keda/v2/pkg/scalers" time="0.000"></testcase>
		<testcase name="TestValidateAzurePipelinesPool" classname="github.com/kedacore/keda/v2/pkg/scalers" time="0.010"></testcase>
		<testcase name="TestValidateAzurePipelinesPool/poolID_exists_and_only_one_is_returned" classname="github.com/kedacore/keda/v2/pkg/scalers" time="0.000"></testcase>
		<testcase name="TestValidateAzurePipelinesPool/poolID_doesn&#39;t_exist" classname="github.com/kedacore/keda/v2/pkg/scalers" time="0.000"></testcase>
		<testcase name="TestValidateAzurePipelinesPool/poolName_exists_and_only_one_is_returned" classname="github.com/kedacore/keda/v2/pkg/scalers" time="0.000"></testcase>
		<testcase name="TestValidateAzurePipelinesPool/poolName_exists_and_more_than_one_are_returned" classname="github.com/kedacore/keda/v2/pkg/scalers" time="0.000"></testcase>
		<testcase name="TestValidateAzurePipelinesPool/poolName_doesn&#39;t_exist" classname="github.com/kedacore/keda/v2/pkg/scalers" time="0.000"></testcase>
		<testcase name="TestValidateAzurePipelinesPool/poolName_is_used_if_poolName_and_poolID_are_defined" classname="github.com/kedacore/keda/v2/pkg/scalers" time="0.000"></testcase>
		<testcase name="TestAzurePipelinesGetMetricSpecForScaling" classname="github.com/kedacore/keda/v2/pkg/scalers" time="0.000"></testcase>
		<testcase name="TestAzQueueParseMetadata" classname="github.com/kedacore/keda/v2/pkg/scalers" time="0.000"></testcase>
		<testcase name="TestAzQueueGetMetricSpecForScaling" classname="github.com/kedacore/keda/v2/pkg/scalers" time="0.000"></testcase>
		<testcase name="TestParseServiceBusMetadata" classname="github.com/kedacore/keda/v2/pkg/scalers" time="0.000"></testcase>
		<testcase name="TestGetServiceBusLength" classname="github.com/kedacore/keda/v2/pkg/scalers" time="0.300"></testcase>
		<testcase name="TestAzServiceBusGetMetricSpecForScaling" classname="github.com/kedacore/keda/v2/pkg/scalers" time="0.000"></testcase>
		<testcase name="TestCassandraParseMetadata" classname="github.com/kedacore/keda/v2/pkg/scalers" time="0.000"></testcase>
		<testcase name="TestCassandraGetMetricSpecForScaling" classname="github.com/kedacore/keda/v2/pkg/scalers" time="0.020"></testcase>
		<testcase name="TestCPUMemoryParseMetadata" classname="github.com/kedacore/keda/v2/pkg/scalers" time="0.000"></testcase>
		<testcase name="TestGetMetricSpecForScaling" classname="github.com/kedacore/keda/v2/pkg/scalers" time="0.000"></testcase>
		<testcase name="TestCronParseMetadata" classname="github.com/kedacore/keda/v2/pkg/scalers" time="0.000"></testcase>
		<testcase name="TestIsActive" classname="github.com/kedacore/keda/v2/pkg/scalers" time="0.000"></testcase>
		<testcase name="TestIsActiveRange" classname="github.com/kedacore/keda/v2/pkg/scalers" time="0.000"></testcase>
		<testcase name="TestGetMetrics" classname="github.com/kedacore/keda/v2/pkg/scalers" time="0.000"></testcase>
		<testcase name="TestGetMetricsRange" classname="github.com/kedacore/keda/v2/pkg/scalers" time="0.000"></testcase>
		<testcase name="TestCronGetMetricSpecForScaling" classname="github.com/kedacore/keda/v2/pkg/scalers" time="0.000"></testcase>
		<testcase name="TestDatadogScalerParseQueries" classname="github.com/kedacore/keda/v2/pkg/scalers" time="0.000"></testcase>
		<testcase name="TestDatadogScalerAuthParams" classname="github.com/kedacore/keda/v2/pkg/scalers" time="0.000"></testcase>
		<testcase name="TestDatadogGetMetricSpecForScaling" classname="github.com/kedacore/keda/v2/pkg/scalers" time="0.000"></testcase>
		<testcase name="TestParseElasticsearchMetadata" classname="github.com/kedacore/keda/v2/pkg/scalers" time="0.000"></testcase>
		<testcase name="TestParseElasticsearchMetadata/no_addresses_given" classname="github.com/kedacore/keda/v2/pkg/scalers" time="0.000"></testcase>
		<testcase name="TestParseElasticsearchMetadata/no_index_given" classname="github.com/kedacore/keda/v2/pkg/scalers" time="0.000"></testcase>
		<testcase name="TestParseElasticsearchMetadata/no_searchTemplateName_given" classname="github.com/kedacore/keda/v2/pkg/scalers" time="0.000"></testcase>
		<testcase name="TestParseElasticsearchMetadata/no_valueLocation_given" classname="github.com/kedacore/keda/v2/pkg/scalers" time="0.000"></testcase>
		<testcase name="TestParseElasticsearchMetadata/no_targetValue_given" classname="github.com/kedacore/keda/v2/pkg/scalers" time="0.000"></testcase>
		<testcase name="TestParseElasticsearchMetadata/all_fields_ok" classname="github.com/kedacore/keda/v2/pkg/scalers" time="0.000"></testcase>
		<testcase name="TestParseElasticsearchMetadata/multi_indexes" classname="github.com/kedacore/keda/v2/pkg/scalers" time="0.000"></testcase>
		<testcase name="TestParseElasticsearchMetadata/multi_indexes_trimmed" classname="github.com/kedacore/keda/v2/pkg/scalers" time="0.000"></testcase>
		<testcase name="TestParseElasticsearchMetadata/multi_addresses" classname="github.com/kedacore/keda/v2/pkg/scalers" time="0.000"></testcase>
		<testcase name="TestParseElasticsearchMetadata/multi_addresses_trimmed" classname="github.com/kedacore/keda/v2/pkg/scalers" time="0.000"></testcase>
		<testcase name="TestParseElasticsearchMetadata/password_from_env" classname="github.com/kedacore/keda/v2/pkg/scalers" time="0.000"></testcase>
		<testcase name="TestUnsafeSslDefaultValue" classname="github.com/kedacore/keda/v2/pkg/scalers" time="0.000"></testcase>
		<testcase name="TestBuildQuery" classname="github.com/kedacore/keda/v2/pkg/scalers" time="0.000"></testcase>
		<testcase name="TestBuildQuery/no_params" classname="github.com/kedacore/keda/v2/pkg/scalers" time="0.000"></testcase>
		<testcase name="TestBuildQuery/one_param" classname="github.com/kedacore/keda/v2/pkg/scalers" time="0.000"></testcase>
		<testcase name="TestBuildQuery/two_params" classname="github.com/kedacore/keda/v2/pkg/scalers" time="0.000"></testcase>
		<testcase name="TestBuildQuery/params_are_trimmed" classname="github.com/kedacore/keda/v2/pkg/scalers" time="0.000"></testcase>
		<testcase name="TestElasticsearchGetMetricSpecForScaling" classname="github.com/kedacore/keda/v2/pkg/scalers" time="0.000"></testcase>
		<testcase name="TestExternalScalerParseMetadata" classname="github.com/kedacore/keda/v2/pkg/scalers" time="0.000"></testcase>
		<testcase name="TestExternalPushScaler_Run" classname="github.com/kedacore/keda/v2/pkg/scalers" time="1.090"></testcase>
		<testcase name="TestPubSubParseMetadata" classname="github.com/kedacore/keda/v2/pkg/scalers" time="0.000"></testcase>
		<testcase name="TestGcpPubSubGetMetricSpecForScaling" classname="github.com/kedacore/keda/v2/pkg/scalers" time="0.000"></testcase>
		<testcase name="TestGcpPubSubSubscriptionName" classname="github.com/kedacore/keda/v2/pkg/scalers" time="0.000"></testcase>
		<testcase name="TestStackdriverParseMetadata" classname="github.com/kedacore/keda/v2/pkg/scalers" time="0.000"></testcase>
		<testcase name="TestGcpStackdriverGetMetricSpecForScaling" classname="github.com/kedacore/keda/v2/pkg/scalers" time="0.000"></testcase>
		<testcase name="TestGcsParseMetadata" classname="github.com/kedacore/keda/v2/pkg/scalers" time="0.000"></testcase>
		<testcase name="TestGcsGetMetricSpecForScaling" classname="github.com/kedacore/keda/v2/pkg/scalers" time="0.000"></testcase>
		<testcase name="TestGraphiteParseMetadata" classname="github.com/kedacore/keda/v2/pkg/scalers" time="0.000"></testcase>
		<testcase name="TestGraphiteGetMetricSpecForScaling" classname="github.com/kedacore/keda/v2/pkg/scalers" time="0.000"></testcase>
		<testcase name="TestGraphiteScalerAuthParams" classname="github.com/kedacore/keda/v2/pkg/scalers" time="0.000"></testcase>
		<testcase name="TestGrapScalerExecuteGrapQuery" classname="github.com/kedacore/keda/v2/pkg/scalers" time="0.000">
			<failure message="Failed"></failure>
		</testcase>
		<testcase name="TestGrapScalerExecuteGrapQuery/no_results" classname="github.com/kedacore/keda/v2/pkg/scalers" time="0.000">
			<failure message="Failed"><![CDATA[panic: httptest: failed to listen on a port: listen tcp6 [::1]:0: socket: too many open files [recovered]
panic: httptest: failed to listen on a port: listen tcp6 [::1]:0: socket: too many open files

goroutine 19243 [running]:
testing.tRunner.func1.2({0x1dc06a0, 0xc00cc28dd0})
/usr/local/go/src/testing/testing.go:1209 +0x24e
testing.tRunner.func1()
/usr/local/go/src/testing/testing.go:1212 +0x218
panic({0x1dc06a0, 0xc00cc28dd0})
/usr/local/go/src/runtime/panic.go:1038 +0x215
net/http/httptest.newLocalListener()
/usr/local/go/src/net/http/httptest/server.go:71 +0xe9
net/http/httptest.NewUnstartedServer(...)
/usr/local/go/src/net/http/httptest/server.go:117
net/http/httptest.NewServer({0x26b24a0, 0xc004d51608})
/usr/local/go/src/net/http/httptest/server.go:104 +0x2d
github.com/kedacore/keda/v2/pkg/scalers.TestGrapScalerExecuteGrapQuery.func1(0xc00a130680)
/home/vshenoy/kedacore/keda/pkg/scalers/graphite_scaler_test.go:166 +0x9d
testing.tRunner(0xc00a130680, 0xc00cc28d70)
/usr/local/go/src/testing/testing.go:1259 +0x102
created by testing.(*T).Run
/usr/local/go/src/testing/testing.go:1306 +0x35a]]></failure>
		</testcase>
	</testsuite>
	<testsuite name="github.com/kedacore/keda/v2/pkg/scalers/authentication" tests="0" failures="0" errors="0" hostname="Microsoft-ThinkPad-Viggy" time="0.000" timestamp="2022-06-10T15:32:49+05:30"></testsuite>
	<testsuite name="github.com/kedacore/keda/v2/pkg/scalers/azure" tests="27" failures="0" errors="0" hostname="Microsoft-ThinkPad-Viggy" time="0.048" timestamp="2022-06-10T15:32:49+05:30">
		<properties>
			<property name="coverage.statements.pct" value="37.60"></property>
		</properties>
		<testcase name="TestAzGetAzureAppInsightsMetricValue" classname="github.com/kedacore/keda/v2/pkg/scalers/azure" time="0.000"></testcase>
		<testcase name="TestAzAppInfoGetAuthConfig" classname="github.com/kedacore/keda/v2/pkg/scalers/azure" time="0.000"></testcase>
		<testcase name="TestToISO8601" classname="github.com/kedacore/keda/v2/pkg/scalers/azure" time="0.000"></testcase>
		<testcase name="TestQueryParamsForAppInsightsRequest" classname="github.com/kedacore/keda/v2/pkg/scalers/azure" time="0.000"></testcase>
		<testcase name="TestGetBlobLength" classname="github.com/kedacore/keda/v2/pkg/scalers/azure" time="0.000"></testcase>
		<testcase name="TestParseEnvironmentProperty" classname="github.com/kedacore/keda/v2/pkg/scalers/azure" time="0.000"></testcase>
		<testcase name="TestParseActiveDirectoryEndpoint" classname="github.com/kedacore/keda/v2/pkg/scalers/azure" time="0.000"></testcase>
		<testcase name="TestExtractDataExplorerMetricValue" classname="github.com/kedacore/keda/v2/pkg/scalers/azure" time="0.000"></testcase>
		<testcase name="TestGetDataExplorerAuthConfig" classname="github.com/kedacore/keda/v2/pkg/scalers/azure" time="0.000"></testcase>
		<testcase name="TestCheckpointFromBlobStorageAzureFunction" classname="github.com/kedacore/keda/v2/pkg/scalers/azure" time="0.000"></testcase>
		<testcase name="TestCheckpointFromBlobStorageDefault" classname="github.com/kedacore/keda/v2/pkg/scalers/azure" time="0.000"></testcase>
		<testcase name="TestCheckpointFromBlobStorageDefaultDeprecatedPythonCheckpoint" classname="github.com/kedacore/keda/v2/pkg/scalers/azure" time="0.000"></testcase>
		<testcase name="TestCheckpointFromBlobStorageWithBlobMetadata" classname="github.com/kedacore/keda/v2/pkg/scalers/azure" time="0.000"></testcase>
		<testcase name="TestCheckpointFromBlobStorageGoSdk" classname="github.com/kedacore/keda/v2/pkg/scalers/azure" time="0.000"></testcase>
		<testcase name="TestShouldParseCheckpointForFunction" classname="github.com/kedacore/keda/v2/pkg/scalers/azure" time="0.000"></testcase>
		<testcase name="TestShouldParseCheckpointForFunctionWithCheckpointStrategy" classname="github.com/kedacore/keda/v2/pkg/scalers/azure" time="0.000"></testcase>
		<testcase name="TestShouldParseCheckpointForFunctionWithPodIdentity" classname="github.com/kedacore/keda/v2/pkg/scalers/azure" time="0.000"></testcase>
		<testcase name="TestShouldParseCheckpointForFunctionWithCheckpointStrategyAndPodIdentity" classname="github.com/kedacore/keda/v2/pkg/scalers/azure" time="0.000"></testcase>
		<testcase name="TestShouldParseCheckpointForDefault" classname="github.com/kedacore/keda/v2/pkg/scalers/azure" time="0.000"></testcase>
		<testcase name="TestShouldParseCheckpointForBlobMetadata" classname="github.com/kedacore/keda/v2/pkg/scalers/azure" time="0.000"></testcase>
		<testcase name="TestShouldParseCheckpointForBlobMetadataWithError" classname="github.com/kedacore/keda/v2/pkg/scalers/azure" time="0.000"></testcase>
		<testcase name="TestShouldParseCheckpointForBlobMetadataWithPodIdentity" classname="github.com/kedacore/keda/v2/pkg/scalers/azure" time="0.000"></testcase>
		<testcase name="TestShouldParseCheckpointForGoSdk" classname="github.com/kedacore/keda/v2/pkg/scalers/azure" time="0.000"></testcase>
		<testcase name="TestAzMonitorextractValue" classname="github.com/kedacore/keda/v2/pkg/scalers/azure" time="0.000"></testcase>
		<testcase name="TestGetQueueLength" classname="github.com/kedacore/keda/v2/pkg/scalers/azure" time="0.000"></testcase>
		<testcase name="TestParseStorageConnectionString" classname="github.com/kedacore/keda/v2/pkg/scalers/azure" time="0.000"></testcase>
		<testcase name="TestParseAzureStorageEndpointSuffix" classname="github.com/kedacore/keda/v2/pkg/scalers/azure" time="0.000"></testcase>
	</testsuite>
	<testsuite name="github.com/kedacore/keda/v2/pkg/scalers/externalscaler" tests="0" failures="0" errors="0" hostname="Microsoft-ThinkPad-Viggy" time="0.000" timestamp="2022-06-10T15:32:49+05:30"></testsuite>
	<testsuite name="github.com/kedacore/keda/v2/pkg/scalers/liiklus" tests="0" failures="0" errors="0" hostname="Microsoft-ThinkPad-Viggy" time="0.000" timestamp="2022-06-10T15:32:49+05:30"></testsuite>
	<testsuite name="github.com/kedacore/keda/v2/pkg/scalers/liiklus/mocks" tests="0" failures="0" errors="0" hostname="Microsoft-ThinkPad-Viggy" time="0.000" timestamp="2022-06-10T15:32:49+05:30"></testsuite>
	<testsuite name="github.com/kedacore/keda/v2/pkg/scalers/openstack" tests="0" failures="0" errors="0" hostname="Microsoft-ThinkPad-Viggy" time="0.000" timestamp="2022-06-10T15:32:49+05:30"></testsuite>
	<testsuite name="github.com/kedacore/keda/v2/pkg/scalers/openstack/utils" tests="0" failures="0" errors="0" hostname="Microsoft-ThinkPad-Viggy" time="0.000" timestamp="2022-06-10T15:32:49+05:30"></testsuite>
	<testsuite name="github.com/kedacore/keda/v2/pkg/scaling" tests="2" failures="0" errors="0" hostname="Microsoft-ThinkPad-Viggy" time="0.130" timestamp="2022-06-10T15:32:49+05:30">
		<testcase name="TestCheckScaledObjectScalersWithError" classname="github.com/kedacore/keda/v2/pkg/scaling" time="0.000"></testcase>
		<testcase name="TestCheckScaledObjectFindFirstActiveNotIgnoreOthers" classname="github.com/kedacore/keda/v2/pkg/scaling" time="0.000"></testcase>
	</testsuite>
	<testsuite name="github.com/kedacore/keda/v2/pkg/scaling/cache" tests="2" failures="0" errors="0" hostname="Microsoft-ThinkPad-Viggy" time="0.080" timestamp="2022-06-10T15:32:49+05:30">
		<properties>
			<property name="coverage.statements.pct" value="53.30"></property>
		</properties>
		<testcase name="TestTargetAverageValue" classname="github.com/kedacore/keda/v2/pkg/scaling/cache" time="0.000"></testcase>
		<testcase name="TestIsScaledJobActive" classname="github.com/kedacore/keda/v2/pkg/scaling/cache" time="0.000"></testcase>
	</testsuite>
	<testsuite name="github.com/kedacore/keda/v2/pkg/scaling/executor" tests="15" failures="0" errors="0" hostname="Microsoft-ThinkPad-Viggy" time="0.081" timestamp="2022-06-10T15:32:49+05:30">
		<properties>
			<property name="coverage.statements.pct" value="59.00"></property>
		</properties>
		<testcase name="TestCleanUpNormalCase" classname="github.com/kedacore/keda/v2/pkg/scaling/executor" time="0.000"></testcase>
		<testcase name="TestNewNewScalingStrategy" classname="github.com/kedacore/keda/v2/pkg/scaling/executor" time="0.000"></testcase>
		<testcase name="TestDefaultScalingStrategy" classname="github.com/kedacore/keda/v2/pkg/scaling/executor" time="0.000"></testcase>
		<testcase name="TestCustomScalingStrategy" classname="github.com/kedacore/keda/v2/pkg/scaling/executor" time="0.000"></testcase>
		<testcase name="TestAccurateScalingStrategy" classname="github.com/kedacore/keda/v2/pkg/scaling/executor" time="0.000"></testcase>
		<testcase name="TestCleanUpMixedCaseWithSortByTime" classname="github.com/kedacore/keda/v2/pkg/scaling/executor" time="0.000"></testcase>
		<testcase name="TestCleanUpDefaultValue" classname="github.com/kedacore/keda/v2/pkg/scaling/executor" time="0.030"></testcase>
		<testcase name="TestGetPendingJobCount" classname="github.com/kedacore/keda/v2/pkg/scaling/executor" time="0.000"></testcase>
		<testcase name="TestScaleToFallbackReplicasWhenNotActiveAndIsError" classname="github.com/kedacore/keda/v2/pkg/scaling/executor" time="0.000"></testcase>
		<testcase name="TestScaleToMinReplicasWhenNotActive" classname="github.com/kedacore/keda/v2/pkg/scaling/executor" time="0.000"></testcase>
		<testcase name="TestScaleToMinReplicasFromLowerInitialReplicaCount" classname="github.com/kedacore/keda/v2/pkg/scaling/executor" time="0.000"></testcase>
		<testcase name="TestScaleFromMinReplicasWhenActive" classname="github.com/kedacore/keda/v2/pkg/scaling/executor" time="0.000"></testcase>
		<testcase name="TestScaleToIdleReplicasWhenNotActive" classname="github.com/kedacore/keda/v2/pkg/scaling/executor" time="0.000"></testcase>
		<testcase name="TestScaleFromIdleToMinReplicasWhenActive" classname="github.com/kedacore/keda/v2/pkg/scaling/executor" time="0.000"></testcase>
		<testcase name="TestScaleToPausedReplicasCount" classname="github.com/kedacore/keda/v2/pkg/scaling/executor" time="0.000"></testcase>
	</testsuite>
	<testsuite name="github.com/kedacore/keda/v2/pkg/scaling/resolver" tests="18" failures="0" errors="0" hostname="Microsoft-ThinkPad-Viggy" time="0.110" timestamp="2022-06-10T15:32:49+05:30">
		<properties>
			<property name="coverage.statements.pct" value="30.00"></property>
		</properties>
		<testcase name="TestGetPropertiesForCloud" classname="github.com/kedacore/keda/v2/pkg/scaling/resolver" time="0.000"></testcase>
		<testcase name="TestResolveNonExistingConfigMapsOrSecretsEnv" classname="github.com/kedacore/keda/v2/pkg/scaling/resolver" time="0.000"></testcase>
		<testcase name="TestResolveAuthRef" classname="github.com/kedacore/keda/v2/pkg/scaling/resolver" time="0.010"></testcase>
		<testcase name="TestResolveAuthRef/foo" classname="github.com/kedacore/keda/v2/pkg/scaling/resolver" time="0.000"></testcase>
		<testcase name="TestResolveAuthRef/no_triggerauth_exists" classname="github.com/kedacore/keda/v2/pkg/scaling/resolver" time="0.000"></testcase>
		<testcase name="TestResolveAuthRef/no_triggerauth_exists#01" classname="github.com/kedacore/keda/v2/pkg/scaling/resolver" time="0.000"></testcase>
		<testcase name="TestResolveAuthRef/triggerauth_exists,_podidentity_nil" classname="github.com/kedacore/keda/v2/pkg/scaling/resolver" time="0.000"></testcase>
		<testcase name="TestResolveAuthRef/triggerauth_exists_and_secret" classname="github.com/kedacore/keda/v2/pkg/scaling/resolver" time="0.000"></testcase>
		<testcase name="TestResolveAuthRef/clustertriggerauth_exists,_podidentity_nil" classname="github.com/kedacore/keda/v2/pkg/scaling/resolver" time="0.000"></testcase>
		<testcase name="TestResolveAuthRef/clustertriggerauth_exists_and_secret" classname="github.com/kedacore/keda/v2/pkg/scaling/resolver" time="0.000"></testcase>
		<testcase name="TestResolveAuthRef/clustertriggerauth_exists_and_secret_in_the_wrong_namespace" classname="github.com/kedacore/keda/v2/pkg/scaling/resolver" time="0.000"></testcase>
		<testcase name="TestResolveDependentEnv" classname="github.com/kedacore/keda/v2/pkg/scaling/resolver" time="0.000"></testcase>
		<testcase name="TestResolveDependentEnv/dependent_reference_env" classname="github.com/kedacore/keda/v2/pkg/scaling/resolver" time="0.000"></testcase>
		<testcase name="TestResolveDependentEnv/dependent_reference_env2" classname="github.com/kedacore/keda/v2/pkg/scaling/resolver" time="0.000"></testcase>
		<testcase name="TestResolveDependentEnv/unchanged_reference_env" classname="github.com/kedacore/keda/v2/pkg/scaling/resolver" time="0.000"></testcase>
		<testcase name="TestResolveDependentEnv/escaped_reference_env" classname="github.com/kedacore/keda/v2/pkg/scaling/resolver" time="0.000"></testcase>
		<testcase name="TestResolveDependentEnv/empty_reference_env" classname="github.com/kedacore/keda/v2/pkg/scaling/resolver" time="0.000"></testcase>
		<testcase name="TestResolveDependentEnv/incomplete_reference_env" classname="github.com/kedacore/keda/v2/pkg/scaling/resolver" time="0.000"></testcase>
	</testsuite>
	<testsuite name="github.com/kedacore/keda/v2/pkg/util" tests="1" failures="0" errors="0" hostname="Microsoft-ThinkPad-Viggy" time="0.008" timestamp="2022-06-10T15:32:49+05:30">
		<properties>
			<property name="coverage.statements.pct" value="17.50"></property>
		</properties>
		<testcase name="TestResolveK8sVersion" classname="github.com/kedacore/keda/v2/pkg/util" time="0.000"></testcase>
	</testsuite>
	<testsuite name="github.com/kedacore/keda/v2/tests" tests="0" failures="0" errors="0" hostname="Microsoft-ThinkPad-Viggy" time="0.000" timestamp="2022-06-10T15:32:49+05:30"></testsuite>
	<testsuite name="github.com/kedacore/keda/v2/version" tests="0" failures="0" errors="0" hostname="Microsoft-ThinkPad-Viggy" time="0.000" timestamp="2022-06-10T15:32:49+05:30"></testsuite>
</testsuites>
